<?xml version="1.0" encoding="UTF-8"?>
<testng-results skipped="0" failed="0" ignored="0" total="2" passed="2">
  <reporter-output>
  </reporter-output>
  <suite name="Default suite" duration-ms="131" started-at="2021-03-13T13:39:04 IST" finished-at="2021-03-13T13:39:04 IST">
    <groups>
    </groups>
    <test name="Default test" duration-ms="131" started-at="2021-03-13T13:39:04 IST" finished-at="2021-03-13T13:39:04 IST">
      <class name="testGit.Demo">
        <test-method status="PASS" signature="m()[pri:0, instance:testGit.Demo@6325a3ee]" name="m" duration-ms="23" started-at="2021-03-13T13:39:04 IST" finished-at="2021-03-13T13:39:04 IST">
          <reporter-output>
          </reporter-output>
        </test-method> <!-- m -->
        <test-method status="PASS" signature="m1()[pri:0, instance:testGit.Demo@6325a3ee]" name="m1" duration-ms="5" started-at="2021-03-13T13:39:04 IST" depends-on-methods="testGit.Demo.m" finished-at="2021-03-13T13:39:04 IST">
          <reporter-output>
          </reporter-output>
        </test-method> <!-- m1 -->
      </class> <!-- testGit.Demo -->
    </test> <!-- Default test -->
  </suite> <!-- Default suite -->
</testng-results>
